Arguments: 
  /Users/wangzhengbo2/.nvm/versions/node/v12.8.0/bin/node /Users/wangzhengbo2/.yarn/bin/yarn.js add typescript

PATH: 
  /Users/wangzhengbo2/.wasmtime/bin:~/.wasmer/globals/wapm_packages/.bin:/Users/wangzhengbo2/.wasmer/bin:/usr/local/opt/libarchive/bin:/Users/wangzhengbo2/.deno/bin:/Users/wangzhengbo2/.yarn/bin:/Users/wangzhengbo2/.config/yarn/global/node_modules/.bin:/usr/local/opt/qt/bin:/Users/wangzhengbo2/.pyenv/shims:/Users/wangzhengbo2/.nvm/versions/node/v12.8.0/bin:/Users/wangzhengbo2/.swiftenv/shims:/Users/wangzhengbo2/dev/flutter/bin/cache/dart-sdk/bin:/Users/wangzhengbo2/dev/flutter/bin:/usr/local/bin:/usr/bin:/bin:/usr/sbin:/sbin:/opt/X11/bin:/Users/wangzhengbo2/.wasmtime/bin:~/.wasmer/globals/wapm_packages/.bin:/Users/wangzhengbo2/.wasmer/bin:/usr/local/opt/libarchive/bin:/Users/wangzhengbo2/.deno/bin:/Users/wangzhengbo2/.yarn/bin:/Users/wangzhengbo2/.config/yarn/global/node_modules/.bin:/usr/local/opt/qt/bin:/Users/wangzhengbo2/.pyenv/shims:/Users/wangzhengbo2/.nvm/versions/node/v12.8.0/bin:/Users/wangzhengbo2/.swiftenv/shims:/Users/wangzhengbo2/dev/flutter/bin/cache/dart-sdk/bin:/Users/wangzhengbo2/dev/flutter/bin:/Users/wangzhengbo2/dev/flutter/.pub-cache/bin:/Users/wangzhengbo2/Library/Android/sdk/platform-tools:/Users/wangzhengbo2/Library/Android/sdk/build-tools/29.0.2:/Users/wangzhengbo2/.pub-cache/bin:/usr/local/opt/fzf/bin:/Users/wangzhengbo2/dev/flutter/.pub-cache/bin:/Users/wangzhengbo2/Library/Android/sdk/platform-tools:/Users/wangzhengbo2/Library/Android/sdk/build-tools/29.0.2:/Users/wangzhengbo2/.pub-cache/bin

Yarn version: 
  1.19.0

Node version: 
  12.8.0

Platform: 
  darwin x64

Trace: 
  Error: https://registry.npmjs.org/typescript: ETIMEDOUT
      at Timeout._onTimeout (/Users/wangzhengbo2/.yarn/lib/cli.js:141199:19)
      at listOnTimeout (internal/timers.js:531:17)
      at processTimers (internal/timers.js:475:7)

npm manifest: 
  {
    "name": "3.8",
    "version": "1.0.0",
    "description": "",
    "main": "index.js",
    "scripts": {
      "test": "echo \"Error: no test specified\" && exit 1"
    },
    "keywords": [],
    "author": "",
    "license": "ISC",
    "dependencies": {
    }
  }

yarn manifest: 
  No manifest

Lockfile: 
  # THIS IS AN AUTOGENERATED FILE. DO NOT EDIT THIS FILE DIRECTLY.
  # yarn lockfile v1
  
  
  typescript@^3.8.0-dev.20200119:
    version "3.8.0-dev.20200119"
    resolved "https://registry.npmjs.org/typescript/-/typescript-3.8.0-dev.20200119.tgz#9ab0166277b5ed48ed60d10bae7ab404cbef480b"
    integrity sha512-BFS2oF3dDq1FcoEQI8K7X1KeL19NHgHncUme/0cjuJCy1Q4lrJO/dVz21xi2GSNhXqXSYp4wszutJaslI1v/bQ==
